<?xml version="1.0" encoding="UTF-8"?>
<!-- Generated by org.testng.reporters.JUnitXMLReporter -->
<testsuite hostname="Anups-MacBook-Pro.local" ignored="0" name="Default test" tests="5" failures="0" timestamp="01 Mar 2019 12:55:23 GMT" time="0.047" errors="0">
  <testcase name="test" time="0.008" classname="TestNGpractiice.Testngpractice"/>
  <testcase name="test1" time="0.001" classname="TestNGpractiice.Testngpractice"/>
  <testcase name="test3" time="0.001" classname="TestNGpractiice.Testngpractice"/>
  <testcase name="test4" time="0.001" classname="TestNGpractiice.Testngpractice"/>
  <testcase name="test5" time="0.002" classname="TestNGpractiice.Testngpractice"/>
</testsuite> <!-- Default test -->
