<?xml version="1.0" encoding="UTF-8"?>
<testng-results skipped="0" failed="0" ignored="0" total="5" passed="5">
  <reporter-output>
  </reporter-output>
  <suite name="Default suite" duration-ms="47" started-at="2019-03-01T12:55:18Z" finished-at="2019-03-01T12:55:18Z">
    <groups>
    </groups>
    <test name="Default test" duration-ms="47" started-at="2019-03-01T12:55:18Z" finished-at="2019-03-01T12:55:18Z">
      <class name="TestNGpractiice.Testngpractice">
        <test-method status="PASS" signature="beforesuite()[pri:0, instance:TestNGpractiice.Testngpractice@6a1aab78]" name="beforesuite" is-config="true" duration-ms="12" started-at="2019-03-01T12:55:18Z" finished-at="2019-03-01T12:55:18Z">
          <reporter-output>
          </reporter-output>
        </test-method> <!-- beforesuite -->
        <test-method status="PASS" signature="before()[pri:0, instance:TestNGpractiice.Testngpractice@6a1aab78]" name="before" is-config="true" duration-ms="0" started-at="2019-03-01T12:55:18Z" finished-at="2019-03-01T12:55:18Z">
          <reporter-output>
          </reporter-output>
        </test-method> <!-- before -->
        <test-method status="PASS" signature="beforeclass()[pri:0, instance:TestNGpractiice.Testngpractice@6a1aab78]" name="beforeclass" is-config="true" duration-ms="0" started-at="2019-03-01T12:55:18Z" finished-at="2019-03-01T12:55:18Z">
          <reporter-output>
          </reporter-output>
        </test-method> <!-- beforeclass -->
        <test-method status="PASS" signature="beforemethod()[pri:0, instance:TestNGpractiice.Testngpractice@6a1aab78]" name="beforemethod" is-config="true" duration-ms="1" started-at="2019-03-01T12:55:18Z" finished-at="2019-03-01T12:55:18Z">
          <reporter-output>
          </reporter-output>
        </test-method> <!-- beforemethod -->
        <test-method status="PASS" signature="test()[pri:0, instance:TestNGpractiice.Testngpractice@6a1aab78]" name="test" duration-ms="8" started-at="2019-03-01T12:55:18Z" finished-at="2019-03-01T12:55:18Z">
          <reporter-output>
          </reporter-output>
        </test-method> <!-- test -->
        <test-method status="PASS" signature="Aftermethod()[pri:0, instance:TestNGpractiice.Testngpractice@6a1aab78]" name="Aftermethod" is-config="true" duration-ms="0" started-at="2019-03-01T12:55:18Z" finished-at="2019-03-01T12:55:18Z">
          <reporter-output>
          </reporter-output>
        </test-method> <!-- Aftermethod -->
        <test-method status="PASS" signature="test1()[pri:0, instance:TestNGpractiice.Testngpractice@6a1aab78]" name="test1" duration-ms="1" started-at="2019-03-01T12:55:18Z" finished-at="2019-03-01T12:55:18Z">
          <reporter-output>
          </reporter-output>
        </test-method> <!-- test1 -->
        <test-method status="PASS" signature="beforemethod()[pri:0, instance:TestNGpractiice.Testngpractice@6a1aab78]" name="beforemethod" is-config="true" duration-ms="0" started-at="2019-03-01T12:55:18Z" finished-at="2019-03-01T12:55:18Z">
          <reporter-output>
          </reporter-output>
        </test-method> <!-- beforemethod -->
        <test-method status="PASS" signature="Aftermethod()[pri:0, instance:TestNGpractiice.Testngpractice@6a1aab78]" name="Aftermethod" is-config="true" duration-ms="0" started-at="2019-03-01T12:55:18Z" finished-at="2019-03-01T12:55:18Z">
          <reporter-output>
          </reporter-output>
        </test-method> <!-- Aftermethod -->
        <test-method status="PASS" signature="beforemethod()[pri:0, instance:TestNGpractiice.Testngpractice@6a1aab78]" name="beforemethod" is-config="true" duration-ms="0" started-at="2019-03-01T12:55:18Z" finished-at="2019-03-01T12:55:18Z">
          <reporter-output>
          </reporter-output>
        </test-method> <!-- beforemethod -->
        <test-method status="PASS" signature="test3()[pri:0, instance:TestNGpractiice.Testngpractice@6a1aab78]" name="test3" duration-ms="1" started-at="2019-03-01T12:55:18Z" finished-at="2019-03-01T12:55:18Z">
          <reporter-output>
          </reporter-output>
        </test-method> <!-- test3 -->
        <test-method status="PASS" signature="Aftermethod()[pri:0, instance:TestNGpractiice.Testngpractice@6a1aab78]" name="Aftermethod" is-config="true" duration-ms="0" started-at="2019-03-01T12:55:18Z" finished-at="2019-03-01T12:55:18Z">
          <reporter-output>
          </reporter-output>
        </test-method> <!-- Aftermethod -->
        <test-method status="PASS" signature="beforemethod()[pri:0, instance:TestNGpractiice.Testngpractice@6a1aab78]" name="beforemethod" is-config="true" duration-ms="1" started-at="2019-03-01T12:55:18Z" finished-at="2019-03-01T12:55:18Z">
          <reporter-output>
          </reporter-output>
        </test-method> <!-- beforemethod -->
        <test-method status="PASS" signature="test4()[pri:0, instance:TestNGpractiice.Testngpractice@6a1aab78]" name="test4" duration-ms="1" started-at="2019-03-01T12:55:18Z" finished-at="2019-03-01T12:55:18Z">
          <reporter-output>
          </reporter-output>
        </test-method> <!-- test4 -->
        <test-method status="PASS" signature="Aftermethod()[pri:0, instance:TestNGpractiice.Testngpractice@6a1aab78]" name="Aftermethod" is-config="true" duration-ms="0" started-at="2019-03-01T12:55:18Z" finished-at="2019-03-01T12:55:18Z">
          <reporter-output>
          </reporter-output>
        </test-method> <!-- Aftermethod -->
        <test-method status="PASS" signature="test5()[pri:0, instance:TestNGpractiice.Testngpractice@6a1aab78]" name="test5" duration-ms="2" started-at="2019-03-01T12:55:18Z" finished-at="2019-03-01T12:55:18Z">
          <reporter-output>
          </reporter-output>
        </test-method> <!-- test5 -->
        <test-method status="PASS" signature="beforemethod()[pri:0, instance:TestNGpractiice.Testngpractice@6a1aab78]" name="beforemethod" is-config="true" duration-ms="0" started-at="2019-03-01T12:55:18Z" finished-at="2019-03-01T12:55:18Z">
          <reporter-output>
          </reporter-output>
        </test-method> <!-- beforemethod -->
        <test-method status="PASS" signature="Aftermethod()[pri:0, instance:TestNGpractiice.Testngpractice@6a1aab78]" name="Aftermethod" is-config="true" duration-ms="1" started-at="2019-03-01T12:55:18Z" finished-at="2019-03-01T12:55:18Z">
          <reporter-output>
          </reporter-output>
        </test-method> <!-- Aftermethod -->
        <test-method status="PASS" signature="afterclass()[pri:0, instance:TestNGpractiice.Testngpractice@6a1aab78]" name="afterclass" is-config="true" duration-ms="1" started-at="2019-03-01T12:55:18Z" finished-at="2019-03-01T12:55:18Z">
          <reporter-output>
          </reporter-output>
        </test-method> <!-- afterclass -->
        <test-method status="PASS" signature="aftertest()[pri:0, instance:TestNGpractiice.Testngpractice@6a1aab78]" name="aftertest" is-config="true" duration-ms="0" started-at="2019-03-01T12:55:18Z" finished-at="2019-03-01T12:55:18Z">
          <reporter-output>
          </reporter-output>
        </test-method> <!-- aftertest -->
        <test-method status="PASS" signature="afteresuite()[pri:0, instance:TestNGpractiice.Testngpractice@6a1aab78]" name="afteresuite" is-config="true" duration-ms="0" started-at="2019-03-01T12:55:23Z" finished-at="2019-03-01T12:55:23Z">
          <reporter-output>
          </reporter-output>
        </test-method> <!-- afteresuite -->
      </class> <!-- TestNGpractiice.Testngpractice -->
    </test> <!-- Default test -->
  </suite> <!-- Default suite -->
</testng-results>
